<?xml version="1.0" encoding="UTF-8"?>
<!-- Generated by org.testng.reporters.JUnitXMLReporter -->
<testsuite ignored="6" hostname="DESKTOP-28CLGRH" failures="0" tests="3" name="Default test" time="100.232" errors="0" timestamp="2024-02-07T10:16:31 IST">
  <testcase classname="AshBrokerage.test.LoginPage_test" name="login" time="18.494"/>
  <testcase classname="AshBrokerage.test.LoginPage_test" name="clickOnClientButton" time="23.387"/>
  <testcase classname="AshBrokerage.test.LoginPage_test" name="sendBlankDataOnPreUnderwritingPage" time="49.096"/>
  <testcase classname="AshBrokerage.test.LoginPage_test" name="verifyHeadline" time="0.0">
    <ignored/>
  </testcase> <!-- verifyHeadline -->
  <testcase classname="AshBrokerage.test.LoginPage_test" name="pacificLifeJourney" time="0.0">
    <ignored/>
  </testcase> <!-- pacificLifeJourney -->
  <testcase classname="AshBrokerage.test.LoginPage_test" name="corebridgeJourney" time="0.0">
    <ignored/>
  </testcase> <!-- corebridgeJourney -->
  <testcase classname="AshBrokerage.test.LoginPage_test" name="verifyLogoOnLoginPage" time="0.0">
    <ignored/>
  </testcase> <!-- verifyLogoOnLoginPage -->
  <testcase classname="AshBrokerage.test.LoginPage_test" name="verifiedLogo" time="0.0">
    <ignored/>
  </testcase> <!-- verifiedLogo -->
  <testcase classname="AshBrokerage.test.LoginPage_test" name="protectiveJourney" time="0.0">
    <ignored/>
  </testcase> <!-- protectiveJourney -->
</testsuite> <!-- Default test -->
