<?xml version="1.0" encoding="UTF-8"?>
<!-- Generated by org.testng.reporters.JUnitXMLReporter -->
<testsuite ignored="0" hostname="DESKTOP-28CLGRH" failures="0" tests="3" name="chrome" time="79.87" errors="0" timestamp="2023-12-18T15:18:12 IST">
  <testcase classname="AshBrokerage.test.LoginPage_test" name="login" time="16.734"/>
  <testcase classname="AshBrokerage.test.LoginPage_test" name="clickOnClientPage" time="18.154"/>
  <testcase classname="AshBrokerage.test.LoginPage_test" name="productselection" time="25.487"/>
</testsuite> <!-- chrome -->
