<?xml version="1.0" encoding="UTF-8"?>
<!-- Generated by org.testng.reporters.JUnitXMLReporter -->
<testsuite ignored="0" hostname="DESKTOP-28CLGRH" failures="0" tests="1" name="ChromeTest" time="0.158" errors="0" timestamp="2023-08-08T15:01:42 IST">
  <testcase classname="com.AshBrokerage.core.TestBase" name="@BeforeMethod setup" time="-1.691487102249E9">
    <failure type="org.testng.TestNGException" message="
Parameter &amp;apos;browers&amp;apos; is required by BeforeMethod on method setup but has not been marked @Optional or defined
in E:\Java_Program\AshBrokerage\testng.xml">
      <![CDATA[org.testng.TestNGException: 
Parameter 'browers' is required by BeforeMethod on method setup but has not been marked @Optional or defined
in E:\Java_Program\AshBrokerage\testng.xml
at java.base/java.util.ArrayList.forEach(ArrayList.java:1511)
... Removed 28 stack frames]]>
    </failure>
  </testcase> <!-- @BeforeMethod setup -->
  <testcase classname="com.AshBrokerage.core.TestBase" name="@AfterMethod tearDown" time="0.0">
    <skipped/>
  </testcase> <!-- @AfterMethod tearDown -->
  <testcase classname="com.AshBrokerage.test.LoginpageTest" name="login" time="0.0">
    <skipped/>
  </testcase> <!-- login -->
</testsuite> <!-- ChromeTest -->
