<?xml version="1.0" encoding="UTF-8"?>
<!-- Generated by org.testng.reporters.JUnitXMLReporter -->
<testsuite ignored="4" hostname="DESKTOP-28CLGRH" failures="0" tests="2" name="Test" time="17.77" errors="0" timestamp="2023-12-12T11:45:49 IST">
  <testcase classname="AshBrokerage.test.LoginPage_test" name="negativetestcase" time="10.606"/>
  <testcase classname="AshBrokerage.test.LoginPage_test" name="verifyloginPage" time="0.037"/>
  <testcase classname="AshBrokerage.test.LoginPage_test" name="verifyDashBoardPage" time="0.0">
    <ignored/>
  </testcase> <!-- verifyDashBoardPage -->
  <testcase classname="AshBrokerage.test.LoginPage_test" name="login" time="0.0">
    <ignored/>
  </testcase> <!-- login -->
  <testcase classname="AshBrokerage.test.LoginPage_test" name="verifiedLogo" time="0.0">
    <ignored/>
  </testcase> <!-- verifiedLogo -->
  <testcase classname="AshBrokerage.test.LoginPage_test" name="verifiedUrl" time="0.0">
    <ignored/>
  </testcase> <!-- verifiedUrl -->
</testsuite> <!-- Test -->
