<?xml version="1.0" encoding="UTF-8"?>
<testng-results ignored="6" total="9" passed="3" failed="0" skipped="0">
  <reporter-output>
  </reporter-output>
  <suite started-at="2024-02-07T10:14:51 IST" name="Default suite" finished-at="2024-02-07T10:16:31 IST" duration-ms="100232">
    <groups>
      <group name="A">
        <method signature="LoginPage_test.login()[pri:1, instance:AshBrokerage.test.LoginPage_test@2dcd168a]" name="login" class="AshBrokerage.test.LoginPage_test"/>
      </group> <!-- A -->
    </groups>
    <test started-at="2024-02-07T10:14:51 IST" name="Default test" finished-at="2024-02-07T10:16:31 IST" duration-ms="100232">
      <class name="AshBrokerage.test.LoginPage_test">
        <test-method is-config="true" signature="reportsetup()[pri:0, instance:AshBrokerage.test.LoginPage_test@2dcd168a]" started-at="2024-02-07T10:14:50 IST" name="reportsetup" finished-at="2024-02-07T10:14:51 IST" duration-ms="208" status="PASS">
          <reporter-output>
          </reporter-output>
        </test-method> <!-- reportsetup -->
        <test-method is-config="true" signature="setup()[pri:0, instance:AshBrokerage.test.LoginPage_test@2dcd168a]" started-at="2024-02-07T10:14:51 IST" name="setup" finished-at="2024-02-07T10:15:00 IST" duration-ms="9139" status="PASS">
          <reporter-output>
          </reporter-output>
        </test-method> <!-- setup -->
        <test-method signature="login()[pri:1, instance:AshBrokerage.test.LoginPage_test@2dcd168a]" started-at="2024-02-07T10:15:00 IST" name="login" finished-at="2024-02-07T10:15:18 IST" duration-ms="18494" status="PASS">
          <reporter-output>
          </reporter-output>
        </test-method> <!-- login -->
        <test-method signature="clickOnClientButton()[pri:2, instance:AshBrokerage.test.LoginPage_test@2dcd168a]" started-at="2024-02-07T10:15:18 IST" name="clickOnClientButton" finished-at="2024-02-07T10:15:42 IST" depends-on-methods="AshBrokerage.test.LoginPage_test.login" duration-ms="23387" status="PASS">
          <reporter-output>
          </reporter-output>
        </test-method> <!-- clickOnClientButton -->
        <test-method signature="sendBlankDataOnPreUnderwritingPage()[pri:0, instance:AshBrokerage.test.LoginPage_test@2dcd168a]" started-at="2024-02-07T10:15:42 IST" name="sendBlankDataOnPreUnderwritingPage" finished-at="2024-02-07T10:16:31 IST" depends-on-methods="AshBrokerage.test.LoginPage_test.clickOnClientButton" duration-ms="49096" status="PASS">
          <reporter-output>
          </reporter-output>
        </test-method> <!-- sendBlankDataOnPreUnderwritingPage -->
        <test-method is-config="true" signature="endReports()[pri:0, instance:AshBrokerage.test.LoginPage_test@2dcd168a]" started-at="2024-02-07T10:16:31 IST" name="endReports" finished-at="2024-02-07T10:16:31 IST" duration-ms="507" status="PASS">
          <reporter-output>
          </reporter-output>
        </test-method> <!-- endReports -->
      </class> <!-- AshBrokerage.test.LoginPage_test -->
    </test> <!-- Default test -->
  </suite> <!-- Default suite -->
</testng-results>
